2025-04-02T19:15:15.201+03:00  INFO 7880 --- [main] com.tms.Application                      : Starting Application using Java 21.0.5 with PID 7880 (D:\TeachMeSkills_C32_HW\TeachMeSkills_C32_HW_Lesson_45\target\classes started by serge in D:\TeachMeSkills_C32_HW\TeachMeSkills_C32_HW_Lesson_45)
2025-04-02T19:15:15.205+03:00  INFO 7880 --- [main] com.tms.Application                      : No active profile set, falling back to 1 default profile: "default"
2025-04-02T19:15:16.989+03:00  INFO 7880 --- [main] o.s.b.w.embedded.tomcat.TomcatWebServer  : Tomcat initialized with port(s): 8080 (http)
2025-04-02T19:15:16.997+03:00  INFO 7880 --- [main] o.apache.catalina.core.StandardService   : Starting service [Tomcat]
2025-04-02T19:15:16.997+03:00  INFO 7880 --- [main] o.apache.catalina.core.StandardEngine    : Starting Servlet engine: [Apache Tomcat/10.1.12]
2025-04-02T19:15:17.064+03:00  INFO 7880 --- [main] o.a.c.c.C.[Tomcat].[localhost].[/]       : Initializing Spring embedded WebApplicationContext
2025-04-02T19:15:17.064+03:00  INFO 7880 --- [main] w.s.c.ServletWebServerApplicationContext : Root WebApplicationContext: initialization completed in 1816 ms
2025-04-02T19:15:21.787+03:00  INFO 7880 --- [main] o.s.b.a.e.web.EndpointLinksResolver      : Exposing 6 endpoint(s) beneath base path '/actuator'
2025-04-02T19:15:21.841+03:00  INFO 7880 --- [main] o.s.b.w.embedded.tomcat.TomcatWebServer  : Tomcat started on port(s): 8080 (http) with context path ''
2025-04-02T19:15:21.849+03:00  INFO 7880 --- [main] com.tms.Application                      : Started Application in 7.132 seconds (process running for 7.889)
2025-04-02T19:15:22.359+03:00  INFO 7880 --- [RMI TCP Connection(2)-192.168.100.3] o.a.c.c.C.[Tomcat].[localhost].[/]       : Initializing Spring DispatcherServlet 'dispatcherServlet'
2025-04-02T19:15:22.360+03:00  INFO 7880 --- [RMI TCP Connection(2)-192.168.100.3] o.s.web.servlet.DispatcherServlet        : Initializing Servlet 'dispatcherServlet'
2025-04-02T19:15:22.363+03:00  INFO 7880 --- [RMI TCP Connection(2)-192.168.100.3] o.s.web.servlet.DispatcherServlet        : Completed initialization in 3 ms
2025-04-02T19:16:27.271+03:00  INFO 7880 --- [http-nio-8080-exec-1] com.tms.interceptor.LogInterceptor       : IN: Request: /custom-ui-path.html
2025-04-02T19:16:27.293+03:00  INFO 7880 --- [http-nio-8080-exec-1] com.tms.interceptor.LogInterceptor       : OUT: Request: /custom-ui-path.html
2025-04-02T19:16:27.293+03:00  INFO 7880 --- [http-nio-8080-exec-1] com.tms.interceptor.LogInterceptor       : COMPLETED: Request: /custom-ui-path.html
2025-04-02T19:16:27.305+03:00  INFO 7880 --- [http-nio-8080-exec-7] com.tms.interceptor.LogInterceptor       : IN: Request: /swagger-ui/index.html
2025-04-02T19:16:27.309+03:00  INFO 7880 --- [http-nio-8080-exec-7] com.tms.interceptor.LogInterceptor       : OUT: Request: /swagger-ui/index.html
2025-04-02T19:16:27.309+03:00  INFO 7880 --- [http-nio-8080-exec-7] com.tms.interceptor.LogInterceptor       : COMPLETED: Request: /swagger-ui/index.html
2025-04-02T19:16:27.341+03:00  INFO 7880 --- [http-nio-8080-exec-3] com.tms.interceptor.LogInterceptor       : IN: Request: /swagger-ui/swagger-ui.css
2025-04-02T19:16:27.346+03:00  INFO 7880 --- [http-nio-8080-exec-3] com.tms.interceptor.LogInterceptor       : OUT: Request: /swagger-ui/swagger-ui.css
2025-04-02T19:16:27.347+03:00  INFO 7880 --- [http-nio-8080-exec-3] com.tms.interceptor.LogInterceptor       : COMPLETED: Request: /swagger-ui/swagger-ui.css
2025-04-02T19:16:27.350+03:00  INFO 7880 --- [http-nio-8080-exec-4] com.tms.interceptor.LogInterceptor       : IN: Request: /swagger-ui/index.css
2025-04-02T19:16:27.351+03:00  INFO 7880 --- [http-nio-8080-exec-5] com.tms.interceptor.LogInterceptor       : IN: Request: /swagger-ui/swagger-ui-bundle.js
2025-04-02T19:16:27.353+03:00  INFO 7880 --- [http-nio-8080-exec-2] com.tms.interceptor.LogInterceptor       : IN: Request: /swagger-ui/swagger-initializer.js
2025-04-02T19:16:27.353+03:00  INFO 7880 --- [http-nio-8080-exec-6] com.tms.interceptor.LogInterceptor       : IN: Request: /swagger-ui/swagger-ui-standalone-preset.js
2025-04-02T19:16:27.355+03:00  INFO 7880 --- [http-nio-8080-exec-4] com.tms.interceptor.LogInterceptor       : OUT: Request: /swagger-ui/index.css
2025-04-02T19:16:27.355+03:00  INFO 7880 --- [http-nio-8080-exec-4] com.tms.interceptor.LogInterceptor       : COMPLETED: Request: /swagger-ui/index.css
2025-04-02T19:16:27.359+03:00  INFO 7880 --- [http-nio-8080-exec-6] com.tms.interceptor.LogInterceptor       : OUT: Request: /swagger-ui/swagger-ui-standalone-preset.js
2025-04-02T19:16:27.360+03:00  INFO 7880 --- [http-nio-8080-exec-6] com.tms.interceptor.LogInterceptor       : COMPLETED: Request: /swagger-ui/swagger-ui-standalone-preset.js
2025-04-02T19:16:27.368+03:00  INFO 7880 --- [http-nio-8080-exec-5] com.tms.interceptor.LogInterceptor       : OUT: Request: /swagger-ui/swagger-ui-bundle.js
2025-04-02T19:16:27.369+03:00  INFO 7880 --- [http-nio-8080-exec-5] com.tms.interceptor.LogInterceptor       : COMPLETED: Request: /swagger-ui/swagger-ui-bundle.js
2025-04-02T19:16:27.376+03:00  INFO 7880 --- [http-nio-8080-exec-2] com.tms.interceptor.LogInterceptor       : OUT: Request: /swagger-ui/swagger-initializer.js
2025-04-02T19:16:27.377+03:00  INFO 7880 --- [http-nio-8080-exec-2] com.tms.interceptor.LogInterceptor       : COMPLETED: Request: /swagger-ui/swagger-initializer.js
2025-04-02T19:16:27.558+03:00  INFO 7880 --- [http-nio-8080-exec-9] com.tms.interceptor.LogInterceptor       : IN: Request: /docs/swagger-config
2025-04-02T19:16:27.559+03:00  INFO 7880 --- [http-nio-8080-exec-8] com.tms.interceptor.LogInterceptor       : IN: Request: /swagger-ui/favicon-32x32.png
2025-04-02T19:16:27.567+03:00  INFO 7880 --- [http-nio-8080-exec-8] com.tms.interceptor.LogInterceptor       : OUT: Request: /swagger-ui/favicon-32x32.png
2025-04-02T19:16:27.568+03:00  INFO 7880 --- [http-nio-8080-exec-8] com.tms.interceptor.LogInterceptor       : COMPLETED: Request: /swagger-ui/favicon-32x32.png
2025-04-02T19:16:27.572+03:00  INFO 7880 --- [http-nio-8080-exec-9] com.tms.interceptor.LogInterceptor       : OUT: Request: /docs/swagger-config
2025-04-02T19:16:27.572+03:00  INFO 7880 --- [http-nio-8080-exec-9] com.tms.interceptor.LogInterceptor       : COMPLETED: Request: /docs/swagger-config
2025-04-02T19:16:27.587+03:00  INFO 7880 --- [http-nio-8080-exec-10] com.tms.interceptor.LogInterceptor       : IN: Request: /docs
2025-04-02T19:16:27.833+03:00  INFO 7880 --- [http-nio-8080-exec-10] o.springdoc.api.AbstractOpenApiResource  : Init duration for springdoc-openapi is: 234 ms
2025-04-02T19:16:27.852+03:00  INFO 7880 --- [http-nio-8080-exec-10] com.tms.interceptor.LogInterceptor       : OUT: Request: /docs
2025-04-02T19:16:27.852+03:00  INFO 7880 --- [http-nio-8080-exec-10] com.tms.interceptor.LogInterceptor       : COMPLETED: Request: /docs
